<?xml version="1.0" encoding="UTF-8"?>
<!-- Generated by org.testng.reporters.JUnitXMLReporter -->
<testsuite ignored="0" hostname="DESKTOP-6BCGIB4" failures="1" tests="7" name="Surefire test" time="62.78" errors="0" timestamp="2025-01-19T16:24:29 IST">
  <testcase classname="AutomationFramework.tests.ErrorValidationTest" name="ProductErrorValidation" time="12.741"/>
  <testcase classname="AutomationFramework.tests.ErrorValidationTest" name="incorrectCreds" time="0.419">
    <skipped/>
  </testcase> <!-- incorrectCreds -->
  <testcase classname="AutomationFramework.tests.ErrorValidationTest" name="incorrectCreds" time="0.404">
    <failure type="java.lang.AssertionError" message="expected [Incorrect emails or password.] but found [Incorrect email or password.]">
      <![CDATA[java.lang.AssertionError: expected [Incorrect emails or password.] but found [Incorrect email or password.]
at AutomationFramework.tests.ErrorValidationTest.incorrectCreds(ErrorValidationTest.java:39)
at java.base/java.util.ArrayList.forEach(ArrayList.java:1596)
... Removed 36 stack frames]]>
    </failure>
  </testcase> <!-- incorrectCreds -->
  <testcase classname="AutomationFramework.tests.SubmitorderTest" name="submitorder" time="13.545"/>
  <testcase classname="AutomationFramework.tests.SubmitorderTest" name="submitorder" time="13.474"/>
  <testcase classname="AutomationFramework.tests.SubmitorderTest" name="Verifyorder" time="0.725"/>
  <testcase classname="AutomationFramework.tests.SubmitorderTest" name="Verifyorder" time="0.702"/>
</testsuite> <!-- Surefire test -->
