<?xml version="1.0" encoding="UTF-8"?>
<!-- Generated by org.testng.reporters.JUnitXMLReporter -->
<testsuite ignored="0" hostname="DESKTOP-6BCGIB4" failures="1" tests="3" name="ErrorValidation Test" time="30.378" errors="0" timestamp="2025-01-18T16:57:39 IST">
  <testcase classname="AutomationFramework.tests.ErrorValidationTest" name="ProductErrorValidation" time="14.243"/>
  <testcase classname="AutomationFramework.tests.ErrorValidationTest" name="incorrectCreds" time="0.537">
    <skipped/>
  </testcase> <!-- incorrectCreds -->
  <testcase classname="AutomationFramework.tests.ErrorValidationTest" name="incorrectCreds" time="1.033">
    <failure type="java.lang.AssertionError" message="expected [Incorrect emails or password.] but found [Incorrect email or password.]">
      <![CDATA[java.lang.AssertionError: expected [Incorrect emails or password.] but found [Incorrect email or password.]
at AutomationFramework.tests.ErrorValidationTest.incorrectCreds(ErrorValidationTest.java:39)
at java.base/java.util.ArrayList.forEach(ArrayList.java:1596)
at java.base/java.util.concurrent.FutureTask.run(FutureTask.java:317)
at java.base/java.util.concurrent.ThreadPoolExecutor.runWorker(ThreadPoolExecutor.java:1144)
at java.base/java.util.concurrent.ThreadPoolExecutor$Worker.run(ThreadPoolExecutor.java:642)
at java.base/java.lang.Thread.run(Thread.java:1583)
... Removed 21 stack frames]]>
    </failure>
  </testcase> <!-- incorrectCreds -->
</testsuite> <!-- ErrorValidation Test -->
